<?xml version="1.0" encoding="UTF-8"?>
<!-- Generated by org.testng.reporters.JUnitReportReporter -->
<testsuite hostname="DESKTOP-9HG1TI6" failures="0" tests="3" name="dataProvide" time="0.025" errors="0" timestamp="2025-04-27T15:05:13 IST" skipped="0">
  <testcase classname="dataProvide" name="testCaseData" time="0.003"/>
  <testcase classname="dataProvide" name="testCaseData" time="0.006"/>
  <testcase classname="dataProvide" name="testCaseData" time="0.016"/>
</testsuite> <!-- dataProvide -->
